<?xml version="1.0" encoding="UTF-8"?>
<testng-results ignored="0" total="2" passed="2" failed="0" skipped="0">
  <reporter-output>
  </reporter-output>
  <suite started-at="2025-01-25T08:37:42 IST" name="Default suite" finished-at="2025-01-25T08:37:51 IST" duration-ms="8185">
    <groups>
      <group name="cucumber">
        <method signature="AbstractTestNGCucumberTests.runScenario(io.cucumber.testng.PickleWrapper,io.cucumber.testng.FeatureWrapper)[pri:0, instance:runner.RunnerTest@72967906]" name="runScenario" class="io.cucumber.testng.AbstractTestNGCucumberTests"/>
      </group> <!-- cucumber -->
    </groups>
    <test started-at="2025-01-25T08:37:42 IST" name="Default test" finished-at="2025-01-25T08:37:51 IST" duration-ms="8185">
      <class name="runner.RunnerTest">
        <test-method is-config="true" signature="setUpClass(org.testng.ITestContext)[pri:0, instance:runner.RunnerTest@72967906]" started-at="2025-01-25T08:37:42 IST" name="setUpClass" finished-at="2025-01-25T08:37:43 IST" duration-ms="222" status="PASS">
          <params>
            <param index="0">
              <value>
                <![CDATA[org.testng.TestRunner@57540fd0]]>
              </value>
            </param>
          </params>
          <reporter-output>
          </reporter-output>
        </test-method> <!-- setUpClass -->
        <test-method signature="runScenario(io.cucumber.testng.PickleWrapper,io.cucumber.testng.FeatureWrapper)[pri:0, instance:runner.RunnerTest@72967906]" started-at="2025-01-25T08:37:43 IST" name="runScenario" description="Runs Cucumber Scenarios" data-provider="scenarios" finished-at="2025-01-25T08:37:50 IST" duration-ms="7806" status="PASS">
          <params>
            <param index="0">
              <value>
                <![CDATA["validate the Login Functionality"]]>
              </value>
            </param>
            <param index="1">
              <value>
                <![CDATA["Test Sauce demo Application"]]>
              </value>
            </param>
          </params>
          <reporter-output>
          </reporter-output>
        </test-method> <!-- runScenario -->
        <test-method signature="runScenario(io.cucumber.testng.PickleWrapper,io.cucumber.testng.FeatureWrapper)[pri:0, instance:runner.RunnerTest@72967906]" started-at="2025-01-25T08:37:50 IST" name="runScenario" description="Runs Cucumber Scenarios" data-provider="scenarios" finished-at="2025-01-25T08:37:51 IST" duration-ms="124" status="PASS">
          <params>
            <param index="0">
              <value>
                <![CDATA["validate the add to products"]]>
              </value>
            </param>
            <param index="1">
              <value>
                <![CDATA["Test Sauce demo Application"]]>
              </value>
            </param>
          </params>
          <reporter-output>
          </reporter-output>
        </test-method> <!-- runScenario -->
        <test-method is-config="true" signature="tearDownClass()[pri:0, instance:runner.RunnerTest@72967906]" started-at="2025-01-25T08:37:51 IST" name="tearDownClass" finished-at="2025-01-25T08:37:51 IST" duration-ms="1" status="PASS">
          <reporter-output>
          </reporter-output>
        </test-method> <!-- tearDownClass -->
      </class> <!-- runner.RunnerTest -->
    </test> <!-- Default test -->
  </suite> <!-- Default suite -->
</testng-results>
